<?xml version="1.0" encoding="utf-8"?>
<coverage line-rate="0.9152" branch-rate="0.9195" version="1.9" timestamp="1771458318" lines-covered="756" lines-valid="826" branches-covered="183" branches-valid="199">
  <sources>
    <source>/tmp/RoselineMCP-sprint3/RoselineMCP/</source>
  </sources>
  <packages>
    <package name="RoselineMCP" line-rate="0.9152" branch-rate="0.9195" complexity="260">
      <classes>
        <class name="RoselineMCP.Tools.AnalyzeSolutionTool/&lt;AnalyzeSolution&gt;d__0" filename="Tools/AnalyzeSolutionTool.cs" line-rate="1" branch-rate="1" complexity="1">
          <methods>
            <method name="MoveNext" signature="()" line-rate="1" branch-rate="1" complexity="1">
              <lines>
                <line number="32" hits="3" branch="False" />
                <line number="34" hits="3" branch="False" />
                <line number="35" hits="3" branch="False" />
                <line number="36" hits="3" branch="False" />
                <line number="37" hits="3" branch="False" />
                <line number="38" hits="3" branch="False" />
                <line number="39" hits="3" branch="False" />
                <line number="40" hits="3" branch="False" />
                <line number="41" hits="3" branch="False" />
                <line number="43" hits="2" branch="False" />
                <line number="44" hits="2" branch="False" />
                <line number="45" hits="2" branch="False" />
                <line number="46" hits="2" branch="False" />
                <line number="48" hits="2" branch="False" />
                <line number="50" hits="1" branch="False" />
                <line number="51" hits="1" branch="False" />
                <line number="52" hits="1" branch="False" />
                <line number="53" hits="1" branch="False" />
                <line number="54" hits="1" branch="False" />
                <line number="55" hits="1" branch="False" />
                <line number="56" hits="1" branch="False" />
                <line number="58" hits="1" branch="False" />
                <line number="60" hits="3" branch="False" />
              </lines>
            </method>
          </methods>
          <lines>
            <line number="32" hits="3" branch="False" />
            <line number="34" hits="3" branch="False" />
            <line number="35" hits="3" branch="False" />
            <line number="36" hits="3" branch="False" />
            <line number="37" hits="3" branch="False" />
            <line number="38" hits="3" branch="False" />
            <line number="39" hits="3" branch="False" />
            <line number="40" hits="3" branch="False" />
            <line number="41" hits="3" branch="False" />
            <line number="43" hits="2" branch="False" />
            <line number="44" hits="2" branch="False" />
            <line number="45" hits="2" branch="False" />
            <line number="46" hits="2" branch="False" />
            <line number="48" hits="2" branch="False" />
            <line number="50" hits="1" branch="False" />
            <line number="51" hits="1" branch="False" />
            <line number="52" hits="1" branch="False" />
            <line number="53" hits="1" branch="False" />
            <line number="54" hits="1" branch="False" />
            <line number="55" hits="1" branch="False" />
            <line number="56" hits="1" branch="False" />
            <line number="58" hits="1" branch="False" />
            <line number="60" hits="3" branch="False" />
          </lines>
        </class>
        <class name="RoselineMCP.Tools.ApplyFixesTool/&lt;ApplyFixes&gt;d__0" filename="Tools/ApplyFixesTool.cs" line-rate="1" branch-rate="1" complexity="4">
          <methods>
            <method name="MoveNext" signature="()" line-rate="1" branch-rate="1" complexity="4">
              <lines>
                <line number="26" hits="7" branch="False" />
                <line number="28" hits="7" branch="False" />
                <line number="29" hits="7" branch="True" condition-coverage="100% (4/4)">
                  <conditions>
                    <condition number="33" type="jump" coverage="100%" />
                    <condition number="50" type="jump" coverage="100%" />
                  </conditions>
                </line>
                <line number="30" hits="2" branch="False" />
                <line number="31" hits="2" branch="False" />
                <line number="32" hits="2" branch="False" />
                <line number="33" hits="2" branch="False" />
                <line number="34" hits="2" branch="False" />
                <line number="35" hits="2" branch="False" />
                <line number="36" hits="2" branch="False" />
                <line number="39" hits="5" branch="False" />
                <line number="40" hits="5" branch="False" />
                <line number="41" hits="5" branch="False" />
                <line number="42" hits="5" branch="False" />
                <line number="44" hits="3" branch="False" />
                <line number="45" hits="3" branch="False" />
                <line number="46" hits="3" branch="False" />
                <line number="47" hits="3" branch="False" />
                <line number="49" hits="3" branch="False" />
                <line number="51" hits="2" branch="False" />
                <line number="52" hits="2" branch="False" />
                <line number="53" hits="2" branch="False" />
                <line number="54" hits="2" branch="False" />
                <line number="55" hits="2" branch="False" />
                <line number="56" hits="2" branch="False" />
                <line number="57" hits="2" branch="False" />
                <line number="59" hits="2" branch="False" />
                <line number="61" hits="7" branch="False" />
              </lines>
            </method>
          </methods>
          <lines>
            <line number="26" hits="7" branch="False" />
            <line number="28" hits="7" branch="False" />
            <line number="29" hits="7" branch="True" condition-coverage="100% (4/4)">
              <conditions>
                <condition number="33" type="jump" coverage="100%" />
                <condition number="50" type="jump" coverage="100%" />
              </conditions>
            </line>
            <line number="30" hits="2" branch="False" />
            <line number="31" hits="2" branch="False" />
            <line number="32" hits="2" branch="False" />
            <line number="33" hits="2" branch="False" />
            <line number="34" hits="2" branch="False" />
            <line number="35" hits="2" branch="False" />
            <line number="36" hits="2" branch="False" />
            <line number="39" hits="5" branch="False" />
            <line number="40" hits="5" branch="False" />
            <line number="41" hits="5" branch="False" />
            <line number="42" hits="5" branch="False" />
            <line number="44" hits="3" branch="False" />
            <line number="45" hits="3" branch="False" />
            <line number="46" hits="3" branch="False" />
            <line number="47" hits="3" branch="False" />
            <line number="49" hits="3" branch="False" />
            <line number="51" hits="2" branch="False" />
            <line number="52" hits="2" branch="False" />
            <line number="53" hits="2" branch="False" />
            <line number="54" hits="2" branch="False" />
            <line number="55" hits="2" branch="False" />
            <line number="56" hits="2" branch="False" />
            <line number="57" hits="2" branch="False" />
            <line number="59" hits="2" branch="False" />
            <line number="61" hits="7" branch="False" />
          </lines>
        </class>
        <class name="RoselineMCP.Tools.CreatePatchTool" filename="Tools/CreatePatchTool.cs" line-rate="1" branch-rate="1" complexity="1">
          <methods>
            <method name="CreatePatch" signature="(RoselineMCP.Interfaces.IPatchService,System.String,System.String,System.String)" line-rate="1" branch-rate="1" complexity="1">
              <lines>
                <line number="26" hits="3" branch="False" />
                <line number="28" hits="3" branch="False" />
                <line number="29" hits="3" branch="False" />
                <line number="31" hits="2" branch="False" />
                <line number="32" hits="2" branch="False" />
                <line number="33" hits="2" branch="False" />
                <line number="34" hits="2" branch="False" />
                <line number="36" hits="2" branch="False" />
                <line number="38" hits="1" branch="False" />
                <line number="39" hits="1" branch="False" />
                <line number="40" hits="1" branch="False" />
                <line number="41" hits="1" branch="False" />
                <line number="42" hits="1" branch="False" />
                <line number="43" hits="1" branch="False" />
                <line number="44" hits="1" branch="False" />
                <line number="46" hits="1" branch="False" />
                <line number="48" hits="3" branch="False" />
              </lines>
            </method>
          </methods>
          <lines>
            <line number="26" hits="3" branch="False" />
            <line number="28" hits="3" branch="False" />
            <line number="29" hits="3" branch="False" />
            <line number="31" hits="2" branch="False" />
            <line number="32" hits="2" branch="False" />
            <line number="33" hits="2" branch="False" />
            <line number="34" hits="2" branch="False" />
            <line number="36" hits="2" branch="False" />
            <line number="38" hits="1" branch="False" />
            <line number="39" hits="1" branch="False" />
            <line number="40" hits="1" branch="False" />
            <line number="41" hits="1" branch="False" />
            <line number="42" hits="1" branch="False" />
            <line number="43" hits="1" branch="False" />
            <line number="44" hits="1" branch="False" />
            <line number="46" hits="1" branch="False" />
            <line number="48" hits="3" branch="False" />
          </lines>
        </class>
        <class name="RoselineMCP.Tools.ListDiagnosticsTool/&lt;ListDiagnostics&gt;d__0" filename="Tools/ListDiagnosticsTool.cs" line-rate="1" branch-rate="1" complexity="4">
          <methods>
            <method name="MoveNext" signature="()" line-rate="1" branch-rate="1" complexity="4">
              <lines>
                <line number="28" hits="7" branch="False" />
                <line number="30" hits="7" branch="False" />
                <line number="31" hits="7" branch="True" condition-coverage="100% (4/4)">
                  <conditions>
                    <condition number="43" type="jump" coverage="100%" />
                    <condition number="61" type="jump" coverage="100%" />
                  </conditions>
                </line>
                <line number="32" hits="7" branch="False" />
                <line number="33" hits="7" branch="False" />
                <line number="34" hits="7" branch="False" />
                <line number="35" hits="7" branch="False" />
                <line number="37" hits="5" branch="False" />
                <line number="38" hits="5" branch="False" />
                <line number="39" hits="5" branch="False" />
                <line number="40" hits="5" branch="False" />
                <line number="42" hits="5" branch="False" />
                <line number="44" hits="2" branch="False" />
                <line number="45" hits="2" branch="False" />
                <line number="46" hits="2" branch="False" />
                <line number="47" hits="2" branch="False" />
                <line number="48" hits="2" branch="False" />
                <line number="49" hits="2" branch="False" />
                <line number="50" hits="2" branch="False" />
                <line number="52" hits="2" branch="False" />
                <line number="54" hits="7" branch="False" />
              </lines>
            </method>
          </methods>
          <lines>
            <line number="28" hits="7" branch="False" />
            <line number="30" hits="7" branch="False" />
            <line number="31" hits="7" branch="True" condition-coverage="100% (4/4)">
              <conditions>
                <condition number="43" type="jump" coverage="100%" />
                <condition number="61" type="jump" coverage="100%" />
              </conditions>
            </line>
            <line number="32" hits="7" branch="False" />
            <line number="33" hits="7" branch="False" />
            <line number="34" hits="7" branch="False" />
            <line number="35" hits="7" branch="False" />
            <line number="37" hits="5" branch="False" />
            <line number="38" hits="5" branch="False" />
            <line number="39" hits="5" branch="False" />
            <line number="40" hits="5" branch="False" />
            <line number="42" hits="5" branch="False" />
            <line number="44" hits="2" branch="False" />
            <line number="45" hits="2" branch="False" />
            <line number="46" hits="2" branch="False" />
            <line number="47" hits="2" branch="False" />
            <line number="48" hits="2" branch="False" />
            <line number="49" hits="2" branch="False" />
            <line number="50" hits="2" branch="False" />
            <line number="52" hits="2" branch="False" />
            <line number="54" hits="7" branch="False" />
          </lines>
        </class>
        <class name="RoselineMCP.Services.CodeFixProviderFactory" filename="Services/CodeFixProviderFactory.cs" line-rate="0.8987999999999999" branch-rate="1" complexity="20">
          <methods>
            <method name="GetProviderForDiagnostic" signature="(System.String)" line-rate="1" branch-rate="1" complexity="2">
              <lines>
                <line number="29" hits="14" branch="False" />
                <line number="30" hits="14" branch="True" condition-coverage="100% (2/2)">
                  <conditions>
                    <condition number="20" type="jump" coverage="100%" />
                  </conditions>
                </line>
                <line number="31" hits="1" branch="False" />
                <line number="32" hits="1" branch="False" />
                <line number="36" hits="12" branch="False" />
                <line number="37" hits="12" branch="False" />
                <line number="39" hits="1" branch="False" />
                <line number="40" hits="1" branch="False" />
                <line number="41" hits="1" branch="False" />
                <line number="42" hits="1" branch="False" />
                <line number="44" hits="13" branch="False" />
              </lines>
            </method>
            <method name="GetFixableDiagnosticIds" signature="()" line-rate="1" branch-rate="1" complexity="1">
              <lines>
                <line number="48" hits="2" branch="False" />
                <line number="49" hits="2" branch="False" />
                <line number="50" hits="2" branch="False" />
              </lines>
            </method>
            <method name="LoadProviders" signature="()" line-rate="0.75" branch-rate="1" complexity="4">
              <lines>
                <line number="54" hits="31" branch="False" />
                <line number="55" hits="50" branch="True" condition-coverage="100% (2/2)">
                  <conditions>
                    <condition number="9" type="jump" coverage="100%" />
                  </conditions>
                </line>
                <line number="58" hits="12" branch="False" />
                <line number="59" hits="12" branch="False" />
                <line number="61" hits="108" branch="True" condition-coverage="100% (2/2)">
                  <conditions>
                    <condition number="60" type="jump" coverage="100%" />
                  </conditions>
                </line>
                <line number="62" hits="36" branch="False" />
                <line number="63" hits="36" branch="False" />
                <line number="64" hits="36" branch="False" />
                <line number="66" hits="12" branch="False" />
                <line number="67" hits="12" branch="False" />
                <line number="68" hits="12" branch="False" />
                <line number="69" hits="0" branch="False" />
                <line number="70" hits="0" branch="False" />
                <line number="71" hits="0" branch="False" />
                <line number="72" hits="0" branch="False" />
                <line number="73" hits="31" branch="False" />
              </lines>
            </method>
            <method name="GetAssembliesToScan" signature="()" line-rate="1" branch-rate="1" complexity="1">
              <lines>
                <line number="76" hits="12" branch="False" />
                <line number="77" hits="12" branch="False" />
                <line number="79" hits="12" branch="False" />
                <line number="80" hits="12" branch="False" />
                <line number="81" hits="12" branch="False" />
                <line number="83" hits="48" branch="False" />
                <line number="84" hits="12" branch="False" />
              </lines>
            </method>
            <method name="TryLoadAssembly" signature="(System.Collections.Generic.List`1&lt;System.Reflection.Assembly&gt;,System.String)" line-rate="1" branch-rate="1" complexity="1">
              <lines>
                <line number="87" hits="36" branch="False" />
                <line number="89" hits="36" branch="False" />
                <line number="90" hits="36" branch="False" />
                <line number="91" hits="24" branch="False" />
                <line number="92" hits="12" branch="False" />
                <line number="93" hits="12" branch="False" />
                <line number="94" hits="12" branch="False" />
                <line number="95" hits="12" branch="False" />
                <line number="96" hits="36" branch="False" />
              </lines>
            </method>
            <method name="LoadProvidersFromAssembly" signature="(System.Reflection.Assembly)" line-rate="0.6666" branch-rate="1" complexity="4">
              <lines>
                <line number="99" hits="37" branch="False" />
                <line number="101" hits="37" branch="False" />
                <line number="102" hits="37" branch="False" />
                <line number="103" hits="118238" branch="True" condition-coverage="100% (2/2)">
                  <conditions>
                    <condition number="6" type="jump" coverage="100%" />
                  </conditions>
                </line>
                <line number="105" hits="4097" branch="True" condition-coverage="100% (2/2)">
                  <conditions>
                    <condition number="78" type="jump" coverage="100%" />
                  </conditions>
                </line>
                <line number="106" hits="1993" branch="False" />
                <line number="107" hits="1993" branch="False" />
                <line number="108" hits="1993" branch="False" />
                <line number="109" hits="37" branch="False" />
                <line number="110" hits="0" branch="False" />
                <line number="111" hits="0" branch="False" />
                <line number="112" hits="0" branch="False" />
                <line number="113" hits="0" branch="False" />
                <line number="114" hits="0" branch="False" />
                <line number="115" hits="37" branch="False" />
              </lines>
            </method>
            <method name="RegisterProvider" signature="(System.Type)" line-rate="1" branch-rate="1" complexity="6">
              <lines>
                <line number="118" hits="1993" branch="False" />
                <line number="120" hits="1993" branch="False" />
                <line number="121" hits="1993" branch="False" />
                <line number="122" hits="1980" branch="True" condition-coverage="100% (2/2)">
                  <conditions>
                    <condition number="20" type="jump" coverage="100%" />
                  </conditions>
                </line>
                <line number="123" hits="1980" branch="False" />
                <line number="124" hits="14436" branch="True" condition-coverage="100% (2/2)">
                  <conditions>
                    <condition number="135" type="jump" coverage="100%" />
                  </conditions>
                </line>
                <line number="125" hits="4248" branch="False" />
                <line number="126" hits="4248" branch="True" condition-coverage="100% (2/2)">
                  <conditions>
                    <condition number="71" type="jump" coverage="100%" />
                  </conditions>
                </line>
                <line number="127" hits="3072" branch="False" />
                <line number="128" hits="3072" branch="False" />
                <line number="129" hits="3072" branch="False" />
                <line number="130" hits="3072" branch="False" />
                <line number="131" hits="3072" branch="False" />
                <line number="132" hits="4248" branch="False" />
                <line number="133" hits="1980" branch="False" />
                <line number="134" hits="1980" branch="False" />
                <line number="135" hits="13" branch="False" />
                <line number="136" hits="13" branch="False" />
                <line number="137" hits="13" branch="False" />
                <line number="138" hits="13" branch="False" />
                <line number="139" hits="13" branch="False" />
                <line number="140" hits="1993" branch="False" />
              </lines>
            </method>
            <method name=".ctor" signature="(Microsoft.Extensions.Logging.ILogger`1&lt;RoselineMCP.Services.CodeFixProviderFactory&gt;)" line-rate="1" branch-rate="1" complexity="1">
              <lines>
                <line number="14" hits="12" branch="False" />
                <line number="21" hits="12" branch="False" />
                <line number="22" hits="12" branch="False" />
                <line number="23" hits="12" branch="False" />
                <line number="24" hits="12" branch="False" />
                <line number="25" hits="12" branch="False" />
              </lines>
            </method>
          </methods>
          <lines>
            <line number="29" hits="14" branch="False" />
            <line number="30" hits="14" branch="True" condition-coverage="100% (2/2)">
              <conditions>
                <condition number="20" type="jump" coverage="100%" />
              </conditions>
            </line>
            <line number="31" hits="1" branch="False" />
            <line number="32" hits="1" branch="False" />
            <line number="36" hits="12" branch="False" />
            <line number="37" hits="12" branch="False" />
            <line number="39" hits="1" branch="False" />
            <line number="40" hits="1" branch="False" />
            <line number="41" hits="1" branch="False" />
            <line number="42" hits="1" branch="False" />
            <line number="44" hits="13" branch="False" />
            <line number="48" hits="2" branch="False" />
            <line number="49" hits="2" branch="False" />
            <line number="50" hits="2" branch="False" />
            <line number="54" hits="31" branch="False" />
            <line number="55" hits="50" branch="True" condition-coverage="100% (2/2)">
              <conditions>
                <condition number="9" type="jump" coverage="100%" />
              </conditions>
            </line>
            <line number="58" hits="12" branch="False" />
            <line number="59" hits="12" branch="False" />
            <line number="61" hits="108" branch="True" condition-coverage="100% (2/2)">
              <conditions>
                <condition number="60" type="jump" coverage="100%" />
              </conditions>
            </line>
            <line number="62" hits="36" branch="False" />
            <line number="63" hits="36" branch="False" />
            <line number="64" hits="36" branch="False" />
            <line number="66" hits="12" branch="False" />
            <line number="67" hits="12" branch="False" />
            <line number="68" hits="12" branch="False" />
            <line number="69" hits="0" branch="False" />
            <line number="70" hits="0" branch="False" />
            <line number="71" hits="0" branch="False" />
            <line number="72" hits="0" branch="False" />
            <line number="73" hits="31" branch="False" />
            <line number="76" hits="12" branch="False" />
            <line number="77" hits="12" branch="False" />
            <line number="79" hits="12" branch="False" />
            <line number="80" hits="12" branch="False" />
            <line number="81" hits="12" branch="False" />
            <line number="83" hits="48" branch="False" />
            <line number="84" hits="12" branch="False" />
            <line number="87" hits="36" branch="False" />
            <line number="89" hits="36" branch="False" />
            <line number="90" hits="36" branch="False" />
            <line number="91" hits="24" branch="False" />
            <line number="92" hits="12" branch="False" />
            <line number="93" hits="12" branch="False" />
            <line number="94" hits="12" branch="False" />
            <line number="95" hits="12" branch="False" />
            <line number="96" hits="36" branch="False" />
            <line number="99" hits="37" branch="False" />
            <line number="101" hits="37" branch="False" />
            <line number="102" hits="37" branch="False" />
            <line number="103" hits="118238" branch="True" condition-coverage="100% (2/2)">
              <conditions>
                <condition number="6" type="jump" coverage="100%" />
              </conditions>
            </line>
            <line number="105" hits="4097" branch="True" condition-coverage="100% (2/2)">
              <conditions>
                <condition number="78" type="jump" coverage="100%" />
              </conditions>
            </line>
            <line number="106" hits="1993" branch="False" />
            <line number="107" hits="1993" branch="False" />
            <line number="108" hits="1993" branch="False" />
            <line number="109" hits="37" branch="False" />
            <line number="110" hits="0" branch="False" />
            <line number="111" hits="0" branch="False" />
            <line number="112" hits="0" branch="False" />
            <line number="113" hits="0" branch="False" />
            <line number="114" hits="0" branch="False" />
            <line number="115" hits="37" branch="False" />
            <line number="118" hits="1993" branch="False" />
            <line number="120" hits="1993" branch="False" />
            <line number="121" hits="1993" branch="False" />
            <line number="122" hits="1980" branch="True" condition-coverage="100% (2/2)">
              <conditions>
                <condition number="20" type="jump" coverage="100%" />
              </conditions>
            </line>
            <line number="123" hits="1980" branch="False" />
            <line number="124" hits="14436" branch="True" condition-coverage="100% (2/2)">
              <conditions>
                <condition number="135" type="jump" coverage="100%" />
              </conditions>
            </line>
            <line number="125" hits="4248" branch="False" />
            <line number="126" hits="4248" branch="True" condition-coverage="100% (2/2)">
              <conditions>
                <condition number="71" type="jump" coverage="100%" />
              </conditions>
            </line>
            <line number="127" hits="3072" branch="False" />
            <line number="128" hits="3072" branch="False" />
            <line number="129" hits="3072" branch="False" />
            <line number="130" hits="3072" branch="False" />
            <line number="131" hits="3072" branch="False" />
            <line number="132" hits="4248" branch="False" />
            <line number="133" hits="1980" branch="False" />
            <line number="134" hits="1980" branch="False" />
            <line number="135" hits="13" branch="False" />
            <line number="136" hits="13" branch="False" />
            <line number="137" hits="13" branch="False" />
            <line number="138" hits="13" branch="False" />
            <line number="139" hits="13" branch="False" />
            <line number="140" hits="1993" branch="False" />
            <line number="14" hits="12" branch="False" />
            <line number="21" hits="12" branch="False" />
            <line number="22" hits="12" branch="False" />
            <line number="23" hits="12" branch="False" />
            <line number="24" hits="12" branch="False" />
            <line number="25" hits="12" branch="False" />
          </lines>
        </class>
        <class name="RoselineMCP.Services.CodeFixService" filename="Services/CodeFixService.cs" line-rate="1" branch-rate="1" complexity="11">
          <methods>
            <method name="ResolveProjectPath" signature="(System.String)" line-rate="1" branch-rate="1" complexity="10">
              <lines>
                <line number="272" hits="5" branch="False" />
                <line number="274" hits="5" branch="True" condition-coverage="100% (4/4)">
                  <conditions>
                    <condition number="25" type="jump" coverage="100%" />
                    <condition number="48" type="jump" coverage="100%" />
                  </conditions>
                </line>
                <line number="275" hits="1" branch="False" />
                <line number="276" hits="1" branch="False" />
                <line number="280" hits="4" branch="True" condition-coverage="100% (2/2)">
                  <conditions>
                    <condition number="79" type="jump" coverage="100%" />
                  </conditions>
                </line>
                <line number="281" hits="2" branch="False" />
                <line number="282" hits="2" branch="False" />
                <line number="283" hits="2" branch="True" condition-coverage="100% (2/2)">
                  <conditions>
                    <condition number="111" type="jump" coverage="100%" />
                  </conditions>
                </line>
                <line number="284" hits="1" branch="False" />
                <line number="285" hits="1" branch="False" />
                <line number="287" hits="1" branch="False" />
                <line number="290" hits="3" branch="False" />
                <line number="291" hits="4" branch="False" />
                <line number="292" hits="3" branch="True" condition-coverage="100% (2/2)">
                  <conditions>
                    <condition number="170" type="jump" coverage="100%" />
                  </conditions>
                </line>
                <line number="293" hits="1" branch="False" />
                <line number="294" hits="1" branch="False" />
                <line number="297" hits="2" branch="False" />
                <line number="298" hits="3" branch="False" />
              </lines>
            </method>
            <method name=".ctor" signature="(Microsoft.Extensions.Logging.ILogger`1&lt;RoselineMCP.Services.CodeFixService&gt;,RoselineMCP.Interfaces.ISolutionAnalyzerService,RoselineMCP.Interfaces.ICodeFixProviderFactory,RoselineMCP.Interfaces.IDiffService,RoselineMCP.Interfaces.IMSBuildService)" line-rate="1" branch-rate="1" complexity="1">
              <lines>
                <line number="31" hits="11" branch="False" />
                <line number="32" hits="11" branch="False" />
                <line number="33" hits="11" branch="False" />
                <line number="34" hits="11" branch="False" />
                <line number="35" hits="11" branch="False" />
                <line number="36" hits="11" branch="False" />
                <line number="37" hits="11" branch="False" />
                <line number="38" hits="11" branch="False" />
                <line number="39" hits="11" branch="False" />
                <line number="40" hits="11" branch="False" />
                <line number="41" hits="11" branch="False" />
                <line number="42" hits="11" branch="False" />
                <line number="43" hits="11" branch="False" />
              </lines>
            </method>
          </methods>
          <lines>
            <line number="272" hits="5" branch="False" />
            <line number="274" hits="5" branch="True" condition-coverage="100% (4/4)">
              <conditions>
                <condition number="25" type="jump" coverage="100%" />
                <condition number="48" type="jump" coverage="100%" />
              </conditions>
            </line>
            <line number="275" hits="1" branch="False" />
            <line number="276" hits="1" branch="False" />
            <line number="280" hits="4" branch="True" condition-coverage="100% (2/2)">
              <conditions>
                <condition number="79" type="jump" coverage="100%" />
              </conditions>
            </line>
            <line number="281" hits="2" branch="False" />
            <line number="282" hits="2" branch="False" />
            <line number="283" hits="2" branch="True" condition-coverage="100% (2/2)">
              <conditions>
                <condition number="111" type="jump" coverage="100%" />
              </conditions>
            </line>
            <line number="284" hits="1" branch="False" />
            <line number="285" hits="1" branch="False" />
            <line number="287" hits="1" branch="False" />
            <line number="290" hits="3" branch="False" />
            <line number="291" hits="4" branch="False" />
            <line number="292" hits="3" branch="True" condition-coverage="100% (2/2)">
              <conditions>
                <condition number="170" type="jump" coverage="100%" />
              </conditions>
            </line>
            <line number="293" hits="1" branch="False" />
            <line number="294" hits="1" branch="False" />
            <line number="297" hits="2" branch="False" />
            <line number="298" hits="3" branch="False" />
            <line number="31" hits="11" branch="False" />
            <line number="32" hits="11" branch="False" />
            <line number="33" hits="11" branch="False" />
            <line number="34" hits="11" branch="False" />
            <line number="35" hits="11" branch="False" />
            <line number="36" hits="11" branch="False" />
            <line number="37" hits="11" branch="False" />
            <line number="38" hits="11" branch="False" />
            <line number="39" hits="11" branch="False" />
            <line number="40" hits="11" branch="False" />
            <line number="41" hits="11" branch="False" />
            <line number="42" hits="11" branch="False" />
            <line number="43" hits="11" branch="False" />
          </lines>
        </class>
        <class name="RoselineMCP.Services.CodeFixService/&lt;&gt;c__DisplayClass6_1" filename="Services/CodeFixService.cs" line-rate="1" branch-rate="0" complexity="2">
          <methods />
          <lines />
        </class>
        <class name="RoselineMCP.Services.CodeFixService/&lt;&gt;c__DisplayClass6_3" filename="Services/CodeFixService.cs" line-rate="1" branch-rate="0" complexity="2">
          <methods />
          <lines />
        </class>
        <class name="RoselineMCP.Services.DiagnosticFilterService" filename="Services/DiagnosticFilterService.cs" line-rate="1" branch-rate="1" complexity="33">
          <methods>
            <method name="ShouldAnalyzeProject" signature="(System.String,System.String,System.String)" line-rate="1" branch-rate="1" complexity="8">
              <lines>
                <line number="20" hits="7" branch="False" />
                <line number="21" hits="7" branch="True" condition-coverage="100% (4/4)">
                  <conditions>
                    <condition number="7" type="jump" coverage="100%" />
                    <condition number="21" type="jump" coverage="100%" />
                  </conditions>
                </line>
                <line number="22" hits="2" branch="False" />
                <line number="23" hits="2" branch="False" />
                <line number="26" hits="5" branch="True" condition-coverage="100% (4/4)">
                  <conditions>
                    <condition number="34" type="jump" coverage="100%" />
                    <condition number="51" type="jump" coverage="100%" />
                  </conditions>
                </line>
                <line number="27" hits="1" branch="False" />
                <line number="28" hits="1" branch="False" />
                <line number="31" hits="4" branch="False" />
                <line number="32" hits="7" branch="False" />
              </lines>
            </method>
            <method name="ShouldIncludeDiagnostic" signature="(Microsoft.CodeAnalysis.Diagnostic,System.String)" line-rate="1" branch-rate="1" complexity="6">
              <lines>
                <line number="36" hits="29" branch="False" />
                <line number="37" hits="29" branch="True" condition-coverage="100% (2/2)">
                  <conditions>
                    <condition number="9" type="jump" coverage="100%" />
                  </conditions>
                </line>
                <line number="38" hits="2" branch="False" />
                <line number="39" hits="2" branch="False" />
                <line number="42" hits="27" branch="True" condition-coverage="100% (2/2)">
                  <conditions>
                    <condition number="24" type="jump" coverage="100%" />
                  </conditions>
                </line>
                <line number="43" hits="17" branch="False" />
                <line number="44" hits="17" branch="False" />
                <line number="47" hits="10" branch="True" condition-coverage="100% (2/2)">
                  <conditions>
                    <condition number="47" type="jump" coverage="100%" />
                  </conditions>
                </line>
                <line number="48" hits="1" branch="False" />
                <line number="50" hits="1" branch="False" />
                <line number="53" hits="9" branch="False" />
                <line number="54" hits="29" branch="False" />
              </lines>
            </method>
            <method name="FilterByIds" signature="(Microsoft.CodeAnalysis.Diagnostic,System.Collections.Generic.List`1&lt;System.String&gt;)" line-rate="1" branch-rate="1" complexity="4">
              <lines>
                <line number="58" hits="16" branch="False" />
                <line number="59" hits="16" branch="True" condition-coverage="100% (4/4)">
                  <conditions>
                    <condition number="2" type="jump" coverage="100%" />
                    <condition number="18" type="jump" coverage="100%" />
                  </conditions>
                </line>
                <line number="60" hits="7" branch="False" />
                <line number="62" hits="9" branch="False" />
                <line number="63" hits="16" branch="False" />
              </lines>
            </method>
            <method name="FilterByFiles" signature="(Microsoft.CodeAnalysis.Diagnostic,System.Collections.Generic.List`1&lt;System.String&gt;)" line-rate="1" branch-rate="1" complexity="6">
              <lines>
                <line number="67" hits="16" branch="False" />
                <line number="68" hits="16" branch="True" condition-coverage="100% (4/4)">
                  <conditions>
                    <condition number="8" type="jump" coverage="100%" />
                    <condition number="24" type="jump" coverage="100%" />
                  </conditions>
                </line>
                <line number="69" hits="11" branch="False" />
                <line number="71" hits="5" branch="False" />
                <line number="72" hits="5" branch="True" condition-coverage="100% (2/2)">
                  <conditions>
                    <condition number="63" type="jump" coverage="100%" />
                  </conditions>
                </line>
                <line number="73" hits="1" branch="False" />
                <line number="75" hits="9" branch="False" />
                <line number="76" hits="16" branch="False" />
              </lines>
            </method>
            <method name="GetSeverityPriority" signature="(System.String)" line-rate="1" branch-rate="1" complexity="6">
              <lines>
                <line number="80" hits="28" branch="False" />
                <line number="81" hits="28" branch="True" condition-coverage="100% (6/6)">
                  <conditions>
                    <condition number="23" type="jump" coverage="100%" />
                    <condition number="36" type="jump" coverage="100%" />
                    <condition number="49" type="jump" coverage="100%" />
                  </conditions>
                </line>
                <line number="82" hits="28" branch="False" />
                <line number="83" hits="3" branch="False" />
                <line number="84" hits="21" branch="False" />
                <line number="85" hits="3" branch="False" />
                <line number="86" hits="1" branch="False" />
                <line number="87" hits="28" branch="False" />
                <line number="88" hits="28" branch="False" />
              </lines>
            </method>
            <method name="IsFixableDiagnostic" signature="(System.String)" line-rate="1" branch-rate="1" complexity="1">
              <lines>
                <line number="92" hits="23" branch="False" />
                <line number="93" hits="23" branch="False" />
                <line number="94" hits="23" branch="False" />
              </lines>
            </method>
            <method name="InitializeFixableDiagnosticIds" signature="()" line-rate="1" branch-rate="1" complexity="1">
              <lines>
                <line number="97" hits="117" branch="False" />
                <line number="98" hits="117" branch="False" />
                <line number="99" hits="117" branch="False" />
                <line number="100" hits="117" branch="False" />
                <line number="101" hits="117" branch="False" />
                <line number="102" hits="117" branch="False" />
                <line number="103" hits="117" branch="False" />
                <line number="104" hits="117" branch="False" />
                <line number="105" hits="117" branch="False" />
                <line number="106" hits="117" branch="False" />
                <line number="107" hits="117" branch="False" />
                <line number="108" hits="117" branch="False" />
                <line number="109" hits="117" branch="False" />
                <line number="110" hits="117" branch="False" />
                <line number="111" hits="117" branch="False" />
                <line number="112" hits="117" branch="False" />
                <line number="113" hits="117" branch="False" />
                <line number="114" hits="117" branch="False" />
                <line number="115" hits="117" branch="False" />
                <line number="116" hits="117" branch="False" />
                <line number="117" hits="117" branch="False" />
              </lines>
            </method>
            <method name=".ctor" signature="()" line-rate="1" branch-rate="1" complexity="1">
              <lines>
                <line number="13" hits="117" branch="False" />
                <line number="14" hits="117" branch="False" />
                <line number="15" hits="117" branch="False" />
                <line number="16" hits="117" branch="False" />
              </lines>
            </method>
          </methods>
          <lines>
            <line number="20" hits="7" branch="False" />
            <line number="21" hits="7" branch="True" condition-coverage="100% (4/4)">
              <conditions>
                <condition number="7" type="jump" coverage="100%" />
                <condition number="21" type="jump" coverage="100%" />
              </conditions>
            </line>
            <line number="22" hits="2" branch="False" />
            <line number="23" hits="2" branch="False" />
            <line number="26" hits="5" branch="True" condition-coverage="100% (4/4)">
              <conditions>
                <condition number="34" type="jump" coverage="100%" />
                <condition number="51" type="jump" coverage="100%" />
              </conditions>
            </line>
            <line number="27" hits="1" branch="False" />
            <line number="28" hits="1" branch="False" />
            <line number="31" hits="4" branch="False" />
            <line number="32" hits="7" branch="False" />
            <line number="36" hits="29" branch="False" />
            <line number="37" hits="29" branch="True" condition-coverage="100% (2/2)">
              <conditions>
                <condition number="9" type="jump" coverage="100%" />
              </conditions>
            </line>
            <line number="38" hits="2" branch="False" />
            <line number="39" hits="2" branch="False" />
            <line number="42" hits="27" branch="True" condition-coverage="100% (2/2)">
              <conditions>
                <condition number="24" type="jump" coverage="100%" />
              </conditions>
            </line>
            <line number="43" hits="17" branch="False" />
            <line number="44" hits="17" branch="False" />
            <line number="47" hits="10" branch="True" condition-coverage="100% (2/2)">
              <conditions>
                <condition number="47" type="jump" coverage="100%" />
              </conditions>
            </line>
            <line number="48" hits="1" branch="False" />
            <line number="50" hits="1" branch="False" />
            <line number="53" hits="9" branch="False" />
            <line number="54" hits="29" branch="False" />
            <line number="58" hits="16" branch="False" />
            <line number="59" hits="16" branch="True" condition-coverage="100% (4/4)">
              <conditions>
                <condition number="2" type="jump" coverage="100%" />
                <condition number="18" type="jump" coverage="100%" />
              </conditions>
            </line>
            <line number="60" hits="7" branch="False" />
            <line number="62" hits="9" branch="False" />
            <line number="63" hits="16" branch="False" />
            <line number="67" hits="16" branch="False" />
            <line number="68" hits="16" branch="True" condition-coverage="100% (4/4)">
              <conditions>
                <condition number="8" type="jump" coverage="100%" />
                <condition number="24" type="jump" coverage="100%" />
              </conditions>
            </line>
            <line number="69" hits="11" branch="False" />
            <line number="71" hits="5" branch="False" />
            <line number="72" hits="5" branch="True" condition-coverage="100% (2/2)">
              <conditions>
                <condition number="63" type="jump" coverage="100%" />
              </conditions>
            </line>
            <line number="73" hits="1" branch="False" />
            <line number="75" hits="9" branch="False" />
            <line number="76" hits="16" branch="False" />
            <line number="80" hits="28" branch="False" />
            <line number="81" hits="28" branch="True" condition-coverage="100% (6/6)">
              <conditions>
                <condition number="23" type="jump" coverage="100%" />
                <condition number="36" type="jump" coverage="100%" />
                <condition number="49" type="jump" coverage="100%" />
              </conditions>
            </line>
            <line number="82" hits="28" branch="False" />
            <line number="83" hits="3" branch="False" />
            <line number="84" hits="21" branch="False" />
            <line number="85" hits="3" branch="False" />
            <line number="86" hits="1" branch="False" />
            <line number="87" hits="28" branch="False" />
            <line number="88" hits="28" branch="False" />
            <line number="92" hits="23" branch="False" />
            <line number="93" hits="23" branch="False" />
            <line number="94" hits="23" branch="False" />
            <line number="97" hits="117" branch="False" />
            <line number="98" hits="117" branch="False" />
            <line number="99" hits="117" branch="False" />
            <line number="100" hits="117" branch="False" />
            <line number="101" hits="117" branch="False" />
            <line number="102" hits="117" branch="False" />
            <line number="103" hits="117" branch="False" />
            <line number="104" hits="117" branch="False" />
            <line number="105" hits="117" branch="False" />
            <line number="106" hits="117" branch="False" />
            <line number="107" hits="117" branch="False" />
            <line number="108" hits="117" branch="False" />
            <line number="109" hits="117" branch="False" />
            <line number="110" hits="117" branch="False" />
            <line number="111" hits="117" branch="False" />
            <line number="112" hits="117" branch="False" />
            <line number="113" hits="117" branch="False" />
            <line number="114" hits="117" branch="False" />
            <line number="115" hits="117" branch="False" />
            <line number="116" hits="117" branch="False" />
            <line number="117" hits="117" branch="False" />
            <line number="13" hits="117" branch="False" />
            <line number="14" hits="117" branch="False" />
            <line number="15" hits="117" branch="False" />
            <line number="16" hits="117" branch="False" />
          </lines>
        </class>
        <class name="RoselineMCP.Services.DiffService" filename="Services/DiffService.cs" line-rate="0.96" branch-rate="0.9545" complexity="23">
          <methods>
            <method name="GenerateUnifiedDiff" signature="(System.String,System.String,System.String,System.String)" line-rate="1" branch-rate="1" complexity="4">
              <lines>
                <line number="19" hits="5" branch="False" />
                <line number="20" hits="5" branch="False" />
                <line number="21" hits="5" branch="False" />
                <line number="23" hits="5" branch="True" condition-coverage="100% (2/2)">
                  <conditions>
                    <condition number="34" type="jump" coverage="100%" />
                  </conditions>
                </line>
                <line number="24" hits="1" branch="False" />
                <line number="25" hits="1" branch="False" />
                <line number="28" hits="4" branch="False" />
                <line number="29" hits="4" branch="False" />
                <line number="30" hits="4" branch="False" />
                <line number="32" hits="4" branch="False" />
                <line number="34" hits="20" branch="True" condition-coverage="100% (2/2)">
                  <conditions>
                    <condition number="196" type="jump" coverage="100%" />
                  </conditions>
                </line>
                <line number="35" hits="4" branch="False" />
                <line number="36" hits="4" branch="False" />
                <line number="37" hits="4" branch="False" />
                <line number="39" hits="4" branch="False" />
                <line number="40" hits="5" branch="False" />
              </lines>
            </method>
            <method name="NormalizeWhitespace" signature="(System.String)" line-rate="1" branch-rate="1" complexity="2">
              <lines>
                <line number="44" hits="5" branch="False" />
                <line number="45" hits="5" branch="False" />
                <line number="46" hits="5" branch="False" />
                <line number="48" hits="35" branch="True" condition-coverage="100% (2/2)">
                  <conditions>
                    <condition number="76" type="jump" coverage="100%" />
                  </conditions>
                </line>
                <line number="49" hits="10" branch="False" />
                <line number="51" hits="10" branch="False" />
                <line number="54" hits="10" branch="False" />
                <line number="56" hits="10" branch="False" />
                <line number="57" hits="10" branch="False" />
                <line number="59" hits="5" branch="False" />
                <line number="60" hits="5" branch="False" />
              </lines>
            </method>
            <method name="BuildDiffHunks" signature="(DiffPlex.DiffBuilder.Model.DiffPaneModel)" line-rate="1" branch-rate="1" complexity="8">
              <lines>
                <line number="63" hits="4" branch="False" />
                <line number="64" hits="4" branch="False" />
                <line number="65" hits="4" branch="False" />
                <line number="67" hits="36" branch="True" condition-coverage="100% (2/2)">
                  <conditions>
                    <condition number="185" type="jump" coverage="100%" />
                  </conditions>
                </line>
                <line number="68" hits="14" branch="False" />
                <line number="69" hits="14" branch="False" />
                <line number="71" hits="14" branch="True" condition-coverage="100% (2/2)">
                  <conditions>
                    <condition number="43" type="jump" coverage="100%" />
                  </conditions>
                </line>
                <line number="72" hits="5" branch="False" />
                <line number="73" hits="5" branch="True" condition-coverage="100% (4/4)">
                  <conditions>
                    <condition number="47" type="jump" coverage="100%" />
                    <condition number="67" type="jump" coverage="100%" />
                  </conditions>
                </line>
                <line number="74" hits="4" branch="False" />
                <line number="75" hits="4" branch="False" />
                <line number="76" hits="4" branch="False" />
                <line number="77" hits="4" branch="False" />
                <line number="78" hits="4" branch="False" />
                <line number="79" hits="4" branch="False" />
                <line number="80" hits="4" branch="False" />
                <line number="81" hits="4" branch="False" />
                <line number="83" hits="1" branch="False" />
                <line number="84" hits="1" branch="False" />
                <line number="85" hits="1" branch="False" />
                <line number="86" hits="5" branch="False" />
                <line number="87" hits="14" branch="False" />
                <line number="89" hits="4" branch="False" />
                <line number="90" hits="4" branch="False" />
              </lines>
            </method>
            <method name="AppendHunkToStringBuilder" signature="(System.Text.StringBuilder,DiffPlex.DiffBuilder.Model.DiffPaneModel,RoselineMCP.Services.DiffService/DiffHunk)" line-rate="0.8571" branch-rate="0.875" complexity="8">
              <lines>
                <line number="93" hits="4" branch="False" />
                <line number="94" hits="4" branch="False" />
                <line number="96" hits="4" branch="False" />
                <line number="97" hits="18" branch="False" />
                <line number="99" hits="4" branch="False" />
                <line number="100" hits="18" branch="False" />
                <line number="102" hits="4" branch="False" />
                <line number="104" hits="40" branch="True" condition-coverage="100% (2/2)">
                  <conditions>
                    <condition number="643" type="jump" coverage="100%" />
                  </conditions>
                </line>
                <line number="105" hits="14" branch="False" />
                <line number="106" hits="14" branch="True" condition-coverage="83.33% (5/6)">
                  <conditions>
                    <condition number="331" type="switch" coverage="83.33%" />
                  </conditions>
                </line>
                <line number="109" hits="9" branch="False" />
                <line number="110" hits="9" branch="False" />
                <line number="112" hits="2" branch="False" />
                <line number="113" hits="2" branch="False" />
                <line number="115" hits="3" branch="False" />
                <line number="116" hits="3" branch="False" />
                <line number="120" hits="0" branch="False" />
                <line number="121" hits="0" branch="False" />
                <line number="122" hits="0" branch="False" />
                <line number="124" hits="14" branch="False" />
                <line number="125" hits="4" branch="False" />
              </lines>
            </method>
            <method name="CountLinesBeforeIndex" signature="(System.Collections.Generic.List`1&lt;DiffPlex.DiffBuilder.Model.DiffPiece&gt;,System.Int32,DiffPlex.DiffBuilder.Model.ChangeType)" line-rate="1" branch-rate="1" complexity="1">
              <lines>
                <line number="128" hits="8" branch="False" />
                <line number="129" hits="8" branch="False" />
                <line number="130" hits="8" branch="False" />
              </lines>
            </method>
          </methods>
          <lines>
            <line number="19" hits="5" branch="False" />
            <line number="20" hits="5" branch="False" />
            <line number="21" hits="5" branch="False" />
            <line number="23" hits="5" branch="True" condition-coverage="100% (2/2)">
              <conditions>
                <condition number="34" type="jump" coverage="100%" />
              </conditions>
            </line>
            <line number="24" hits="1" branch="False" />
            <line number="25" hits="1" branch="False" />
            <line number="28" hits="4" branch="False" />
            <line number="29" hits="4" branch="False" />
            <line number="30" hits="4" branch="False" />
            <line number="32" hits="4" branch="False" />
            <line number="34" hits="20" branch="True" condition-coverage="100% (2/2)">
              <conditions>
                <condition number="196" type="jump" coverage="100%" />
              </conditions>
            </line>
            <line number="35" hits="4" branch="False" />
            <line number="36" hits="4" branch="False" />
            <line number="37" hits="4" branch="False" />
            <line number="39" hits="4" branch="False" />
            <line number="40" hits="5" branch="False" />
            <line number="44" hits="5" branch="False" />
            <line number="45" hits="5" branch="False" />
            <line number="46" hits="5" branch="False" />
            <line number="48" hits="35" branch="True" condition-coverage="100% (2/2)">
              <conditions>
                <condition number="76" type="jump" coverage="100%" />
              </conditions>
            </line>
            <line number="49" hits="10" branch="False" />
            <line number="51" hits="10" branch="False" />
            <line number="54" hits="10" branch="False" />
            <line number="56" hits="10" branch="False" />
            <line number="57" hits="10" branch="False" />
            <line number="59" hits="5" branch="False" />
            <line number="60" hits="5" branch="False" />
            <line number="63" hits="4" branch="False" />
            <line number="64" hits="4" branch="False" />
            <line number="65" hits="4" branch="False" />
            <line number="67" hits="36" branch="True" condition-coverage="100% (2/2)">
              <conditions>
                <condition number="185" type="jump" coverage="100%" />
              </conditions>
            </line>
            <line number="68" hits="14" branch="False" />
            <line number="69" hits="14" branch="False" />
            <line number="71" hits="14" branch="True" condition-coverage="100% (2/2)">
              <conditions>
                <condition number="43" type="jump" coverage="100%" />
              </conditions>
            </line>
            <line number="72" hits="5" branch="False" />
            <line number="73" hits="5" branch="True" condition-coverage="100% (4/4)">
              <conditions>
                <condition number="47" type="jump" coverage="100%" />
                <condition number="67" type="jump" coverage="100%" />
              </conditions>
            </line>
            <line number="74" hits="4" branch="False" />
            <line number="75" hits="4" branch="False" />
            <line number="76" hits="4" branch="False" />
            <line number="77" hits="4" branch="False" />
            <line number="78" hits="4" branch="False" />
            <line number="79" hits="4" branch="False" />
            <line number="80" hits="4" branch="False" />
            <line number="81" hits="4" branch="False" />
            <line number="83" hits="1" branch="False" />
            <line number="84" hits="1" branch="False" />
            <line number="85" hits="1" branch="False" />
            <line number="86" hits="5" branch="False" />
            <line number="87" hits="14" branch="False" />
            <line number="89" hits="4" branch="False" />
            <line number="90" hits="4" branch="False" />
            <line number="93" hits="4" branch="False" />
            <line number="94" hits="4" branch="False" />
            <line number="96" hits="4" branch="False" />
            <line number="97" hits="18" branch="False" />
            <line number="99" hits="4" branch="False" />
            <line number="100" hits="18" branch="False" />
            <line number="102" hits="4" branch="False" />
            <line number="104" hits="40" branch="True" condition-coverage="100% (2/2)">
              <conditions>
                <condition number="643" type="jump" coverage="100%" />
              </conditions>
            </line>
            <line number="105" hits="14" branch="False" />
            <line number="106" hits="14" branch="True" condition-coverage="83.33% (5/6)">
              <conditions>
                <condition number="331" type="switch" coverage="83.33%" />
              </conditions>
            </line>
            <line number="109" hits="9" branch="False" />
            <line number="110" hits="9" branch="False" />
            <line number="112" hits="2" branch="False" />
            <line number="113" hits="2" branch="False" />
            <line number="115" hits="3" branch="False" />
            <line number="116" hits="3" branch="False" />
            <line number="120" hits="0" branch="False" />
            <line number="121" hits="0" branch="False" />
            <line number="122" hits="0" branch="False" />
            <line number="124" hits="14" branch="False" />
            <line number="125" hits="4" branch="False" />
            <line number="128" hits="8" branch="False" />
            <line number="129" hits="8" branch="False" />
            <line number="130" hits="8" branch="False" />
          </lines>
        </class>
        <class name="RoselineMCP.Services.DiffService/DiffHunk" filename="Services/DiffService.cs" line-rate="1" branch-rate="1" complexity="2">
          <methods>
            <method name="get_StartIndex" signature="()" line-rate="1" branch-rate="1" complexity="1">
              <lines>
                <line number="134" hits="20" branch="False" />
              </lines>
            </method>
            <method name="get_EndIndex" signature="()" line-rate="1" branch-rate="1" complexity="1">
              <lines>
                <line number="135" hits="10" branch="False" />
              </lines>
            </method>
          </methods>
          <lines>
            <line number="134" hits="20" branch="False" />
            <line number="135" hits="10" branch="False" />
          </lines>
        </class>
        <class name="RoselineMCP.Services.MSBuildService" filename="Services/MSBuildService.cs" line-rate="0.7631" branch-rate="0.75" complexity="7">
          <methods>
            <method name="EnsureMSBuildRegistered" signature="()" line-rate="0.6956" branch-rate="0.75" complexity="4">
              <lines>
                <line number="29" hits="48" branch="False" />
                <line number="31" hits="48" branch="False" />
                <line number="32" hits="48" branch="True" condition-coverage="100% (2/2)">
                  <conditions>
                    <condition number="23" type="jump" coverage="100%" />
                  </conditions>
                </line>
                <line number="33" hits="1" branch="False" />
                <line number="35" hits="1" branch="False" />
                <line number="36" hits="1" branch="False" />
                <line number="37" hits="1" branch="True" condition-coverage="50% (1/2)">
                  <conditions>
                    <condition number="45" type="jump" coverage="50%" />
                  </conditions>
                </line>
                <line number="38" hits="1" branch="False" />
                <line number="39" hits="1" branch="False" />
                <line number="40" hits="1" branch="False" />
                <line number="41" hits="1" branch="False" />
                <line number="42" hits="1" branch="False" />
                <line number="44" hits="0" branch="False" />
                <line number="45" hits="0" branch="False" />
                <line number="46" hits="0" branch="False" />
                <line number="47" hits="1" branch="False" />
                <line number="48" hits="0" branch="False" />
                <line number="49" hits="0" branch="False" />
                <line number="50" hits="0" branch="False" />
                <line number="51" hits="0" branch="False" />
                <line number="52" hits="1" branch="False" />
                <line number="53" hits="48" branch="False" />
                <line number="54" hits="48" branch="False" />
              </lines>
            </method>
            <method name="CreateWorkspace" signature="()" line-rate="0.7777" branch-rate="1" complexity="1">
              <lines>
                <line number="58" hits="13" branch="False" />
                <line number="59" hits="13" branch="False" />
                <line number="60" hits="13" branch="False" />
                <line number="62" hits="13" branch="False" />
                <line number="63" hits="0" branch="False" />
                <line number="64" hits="0" branch="False" />
                <line number="65" hits="13" branch="False" />
                <line number="67" hits="13" branch="False" />
                <line number="68" hits="13" branch="False" />
              </lines>
            </method>
            <method name=".ctor" signature="(Microsoft.Extensions.Logging.ILogger`1&lt;RoselineMCP.Services.MSBuildService&gt;)" line-rate="1" branch-rate="1" complexity="1">
              <lines>
                <line number="21" hits="18" branch="False" />
                <line number="22" hits="18" branch="False" />
                <line number="23" hits="18" branch="False" />
                <line number="24" hits="18" branch="False" />
                <line number="25" hits="18" branch="False" />
              </lines>
            </method>
            <method name=".cctor" signature="()" line-rate="1" branch-rate="1" complexity="1">
              <lines>
                <line number="15" hits="1" branch="False" />
              </lines>
            </method>
          </methods>
          <lines>
            <line number="29" hits="48" branch="False" />
            <line number="31" hits="48" branch="False" />
            <line number="32" hits="48" branch="True" condition-coverage="100% (2/2)">
              <conditions>
                <condition number="23" type="jump" coverage="100%" />
              </conditions>
            </line>
            <line number="33" hits="1" branch="False" />
            <line number="35" hits="1" branch="False" />
            <line number="36" hits="1" branch="False" />
            <line number="37" hits="1" branch="True" condition-coverage="50% (1/2)">
              <conditions>
                <condition number="45" type="jump" coverage="50%" />
              </conditions>
            </line>
            <line number="38" hits="1" branch="False" />
            <line number="39" hits="1" branch="False" />
            <line number="40" hits="1" branch="False" />
            <line number="41" hits="1" branch="False" />
            <line number="42" hits="1" branch="False" />
            <line number="44" hits="0" branch="False" />
            <line number="45" hits="0" branch="False" />
            <line number="46" hits="0" branch="False" />
            <line number="47" hits="1" branch="False" />
            <line number="48" hits="0" branch="False" />
            <line number="49" hits="0" branch="False" />
            <line number="50" hits="0" branch="False" />
            <line number="51" hits="0" branch="False" />
            <line number="52" hits="1" branch="False" />
            <line number="53" hits="48" branch="False" />
            <line number="54" hits="48" branch="False" />
            <line number="58" hits="13" branch="False" />
            <line number="59" hits="13" branch="False" />
            <line number="60" hits="13" branch="False" />
            <line number="62" hits="13" branch="False" />
            <line number="63" hits="0" branch="False" />
            <line number="64" hits="0" branch="False" />
            <line number="65" hits="13" branch="False" />
            <line number="67" hits="13" branch="False" />
            <line number="68" hits="13" branch="False" />
            <line number="21" hits="18" branch="False" />
            <line number="22" hits="18" branch="False" />
            <line number="23" hits="18" branch="False" />
            <line number="24" hits="18" branch="False" />
            <line number="25" hits="18" branch="False" />
            <line number="15" hits="1" branch="False" />
          </lines>
        </class>
        <class name="RoselineMCP.Services.PatchService" filename="Services/PatchService.cs" line-rate="0.9619" branch-rate="1" complexity="34">
          <methods>
            <method name="CreatePatch" signature="(System.String,System.String,System.String)" line-rate="1" branch-rate="1" complexity="18">
              <lines>
                <line number="28" hits="20" branch="False" />
                <line number="30" hits="20" branch="False" />
                <line number="31" hits="20" branch="True" condition-coverage="100% (2/2)">
                  <conditions>
                    <condition number="10" type="jump" coverage="100%" />
                  </conditions>
                </line>
                <line number="32" hits="20" branch="False" />
                <line number="33" hits="20" branch="False" />
                <line number="34" hits="20" branch="False" />
                <line number="37" hits="20" branch="False" />
                <line number="38" hits="20" branch="False" />
                <line number="39" hits="20" branch="False" />
                <line number="40" hits="20" branch="False" />
                <line number="41" hits="20" branch="False" />
                <line number="43" hits="16" branch="False" />
                <line number="45" hits="16" branch="True" condition-coverage="100% (2/2)">
                  <conditions>
                    <condition number="100" type="jump" coverage="100%" />
                  </conditions>
                </line>
                <line number="46" hits="5" branch="False" />
                <line number="47" hits="5" branch="False" />
                <line number="48" hits="5" branch="False" />
                <line number="52" hits="11" branch="False" />
                <line number="53" hits="11" branch="False" />
                <line number="55" hits="11" branch="False" />
                <line number="56" hits="159" branch="True" condition-coverage="100% (2/2)">
                  <conditions>
                    <condition number="259" type="jump" coverage="100%" />
                  </conditions>
                </line>
                <line number="57" hits="63" branch="False" />
                <line number="58" hits="63" branch="True" condition-coverage="100% (4/4)">
                  <conditions>
                    <condition number="168" type="jump" coverage="100%" />
                    <condition number="192" type="jump" coverage="100%" />
                  </conditions>
                </line>
                <line number="59" hits="10" branch="False" />
                <line number="60" hits="10" branch="False" />
                <line number="61" hits="10" branch="False" />
                <line number="62" hits="53" branch="True" condition-coverage="100% (4/4)">
                  <conditions>
                    <condition number="214" type="jump" coverage="100%" />
                    <condition number="238" type="jump" coverage="100%" />
                  </conditions>
                </line>
                <line number="63" hits="8" branch="False" />
                <line number="64" hits="8" branch="False" />
                <line number="65" hits="8" branch="False" />
                <line number="66" hits="63" branch="False" />
                <line number="68" hits="11" branch="False" />
                <line number="69" hits="11" branch="False" />
                <line number="72" hits="11" branch="False" />
                <line number="75" hits="11" branch="False" />
                <line number="76" hits="19" branch="True" condition-coverage="100% (2/2)">
                  <conditions>
                    <condition number="300" type="jump" coverage="100%" />
                  </conditions>
                </line>
                <line number="77" hits="18" branch="True" condition-coverage="100% (2/2)">
                  <conditions>
                    <condition number="356" type="jump" coverage="100%" />
                  </conditions>
                </line>
                <line number="79" hits="11" branch="False" />
                <line number="81" hits="11" branch="False" />
                <line number="82" hits="11" branch="False" />
                <line number="84" hits="11" branch="False" />
                <line number="86" hits="4" branch="False" />
                <line number="87" hits="4" branch="False" />
                <line number="88" hits="4" branch="False" />
                <line number="89" hits="4" branch="False" />
                <line number="91" hits="16" branch="False" />
              </lines>
            </method>
            <method name="CreatePatchFromFiles" signature="(System.String,System.String)" line-rate="1" branch-rate="1" complexity="4">
              <lines>
                <line number="96" hits="4" branch="False" />
                <line number="98" hits="4" branch="False" />
                <line number="99" hits="4" branch="True" condition-coverage="100% (2/2)">
                  <conditions>
                    <condition number="13" type="jump" coverage="100%" />
                  </conditions>
                </line>
                <line number="100" hits="1" branch="False" />
                <line number="101" hits="1" branch="False" />
                <line number="104" hits="3" branch="True" condition-coverage="100% (2/2)">
                  <conditions>
                    <condition number="46" type="jump" coverage="100%" />
                  </conditions>
                </line>
                <line number="105" hits="1" branch="False" />
                <line number="106" hits="1" branch="False" />
                <line number="109" hits="2" branch="False" />
                <line number="110" hits="2" branch="False" />
                <line number="112" hits="2" branch="False" />
                <line number="114" hits="2" branch="False" />
                <line number="116" hits="3" branch="False" />
                <line number="117" hits="3" branch="False" />
                <line number="118" hits="3" branch="False" />
                <line number="119" hits="3" branch="False" />
                <line number="121" hits="1" branch="False" />
              </lines>
            </method>
            <method name="CreatePatchWithOptions" signature="(System.String,System.String,System.String,System.Int32,System.Boolean,System.Boolean)" line-rate="1" branch-rate="1" complexity="10">
              <lines>
                <line number="131" hits="7" branch="False" />
                <line number="133" hits="7" branch="False" />
                <line number="134" hits="7" branch="False" />
                <line number="135" hits="7" branch="False" />
                <line number="138" hits="7" branch="True" condition-coverage="100% (2/2)">
                  <conditions>
                    <condition number="10" type="jump" coverage="100%" />
                  </conditions>
                </line>
                <line number="139" hits="4" branch="False" />
                <line number="140" hits="4" branch="False" />
                <line number="141" hits="3" branch="False" />
                <line number="142" hits="3" branch="False" />
                <line number="144" hits="6" branch="True" condition-coverage="100% (2/2)">
                  <conditions>
                    <condition number="46" type="jump" coverage="100%" />
                  </conditions>
                </line>
                <line number="145" hits="2" branch="False" />
                <line number="146" hits="2" branch="False" />
                <line number="147" hits="2" branch="False" />
                <line number="148" hits="2" branch="False" />
                <line number="150" hits="6" branch="False" />
                <line number="153" hits="5" branch="True" condition-coverage="100% (2/2)">
                  <conditions>
                    <condition number="83" type="jump" coverage="100%" />
                  </conditions>
                </line>
                <line number="154" hits="4" branch="False" />
                <line number="155" hits="4" branch="False" />
                <line number="156" hits="7" branch="True" condition-coverage="100% (2/2)">
                  <conditions>
                    <condition number="99" type="jump" coverage="100%" />
                  </conditions>
                </line>
                <line number="157" hits="6" branch="True" condition-coverage="100% (2/2)">
                  <conditions>
                    <condition number="120" type="jump" coverage="100%" />
                  </conditions>
                </line>
                <line number="158" hits="4" branch="False" />
                <line number="159" hits="4" branch="False" />
                <line number="161" hits="5" branch="False" />
[...]
                <line number="233" hits="3" branch="False" />
                <line number="234" hits="3" branch="False" />
                <line number="236" hits="0" branch="False" />
              </lines>
            </method>
          </methods>
          <lines>
            <line number="206" hits="3" branch="False" />
            <line number="208" hits="3" branch="False" />
            <line number="209" hits="3" branch="False" />
            <line number="210" hits="3" branch="False" />
            <line number="212" hits="0" branch="False" />
            <line number="213" hits="0" branch="True" condition-coverage="0% (0/2)">
              <conditions>
                <condition number="351" type="jump" coverage="0%" />
              </conditions>
            </line>
            <line number="214" hits="0" branch="False" />
            <line number="215" hits="0" branch="False" />
            <line number="218" hits="0" branch="False" />
            <line number="219" hits="0" branch="False" />
            <line number="220" hits="0" branch="False" />
            <line number="222" hits="0" branch="False" />
            <line number="223" hits="0" branch="False" />
            <line number="224" hits="0" branch="False" />
            <line number="225" hits="0" branch="False" />
            <line number="226" hits="0" branch="False" />
            <line number="227" hits="0" branch="False" />
            <line number="228" hits="0" branch="False" />
            <line number="229" hits="0" branch="False" />
            <line number="231" hits="3" branch="False" />
            <line number="232" hits="3" branch="False" />
            <line number="233" hits="3" branch="False" />
            <line number="234" hits="3" branch="False" />
            <line number="236" hits="0" branch="False" />
          </lines>
        </class>
        <class name="RoselineMCP.Services.SolutionAnalyzerService/&lt;LoadProjectAsync&gt;d__16" filename="Services/SolutionAnalyzerService.cs" line-rate="0.46149999999999997" branch-rate="0.25" complexity="4">
          <methods>
            <method name="MoveNext" signature="()" line-rate="0.46149999999999997" branch-rate="0.25" complexity="4">
              <lines>
                <line number="239" hits="3" branch="False" />
                <line number="240" hits="3" branch="False" />
                <line number="241" hits="3" branch="False" />
                <line number="243" hits="3" branch="False" />
                <line number="244" hits="1" branch="True" condition-coverage="50% (1/2)">
                  <conditions>
                    <condition number="239" type="jump" coverage="50%" />
                  </conditions>
                </line>
                <line number="245" hits="0" branch="False" />
                <line number="246" hits="0" branch="False" />
                <line number="249" hits="1" branch="False" />
                <line number="250" hits="0" branch="True" condition-coverage="0% (0/2)">
                  <conditions>
                    <condition number="413" type="jump" coverage="0%" />
                  </conditions>
                </line>
                <line number="251" hits="0" branch="False" />
                <line number="252" hits="0" branch="False" />
                <line number="255" hits="0" branch="False" />
                <line number="256" hits="0" branch="False" />
              </lines>
            </method>
          </methods>
          <lines>
            <line number="239" hits="3" branch="False" />
            <line number="240" hits="3" branch="False" />
            <line number="241" hits="3" branch="False" />
            <line number="243" hits="3" branch="False" />
            <line number="244" hits="1" branch="True" condition-coverage="50% (1/2)">
              <conditions>
                <condition number="239" type="jump" coverage="50%" />
              </conditions>
            </line>
            <line number="245" hits="0" branch="False" />
            <line number="246" hits="0" branch="False" />
            <line number="249" hits="1" branch="False" />
            <line number="250" hits="0" branch="True" condition-coverage="0% (0/2)">
              <conditions>
                <condition number="413" type="jump" coverage="0%" />
              </conditions>
            </line>
            <line number="251" hits="0" branch="False" />
            <line number="252" hits="0" branch="False" />
            <line number="255" hits="0" branch="False" />
            <line number="256" hits="0" branch="False" />
          </lines>
        </class>
        <class name="RoselineMCP.Services.SolutionAnalyzerService/&lt;TryLoadProjectDirectlyAsync&gt;d__17" filename="Services/SolutionAnalyzerService.cs" line-rate="1" branch-rate="1" complexity="4">
          <methods>
            <method name="MoveNext" signature="()" line-rate="1" branch-rate="1" complexity="4">
              <lines>
                <line number="259" hits="3" branch="False" />
                <line number="260" hits="3" branch="True" condition-coverage="100% (4/4)">
                  <conditions>
                    <condition number="26" type="jump" coverage="100%" />
                    <condition number="49" type="jump" coverage="100%" />
                  </conditions>
                </line>
                <line number="261" hits="2" branch="False" />
                <line number="262" hits="2" branch="False" />
                <line number="264" hits="1" branch="False" />
                <line number="265" hits="1" branch="False" />
              </lines>
            </method>
          </methods>
          <lines>
            <line number="259" hits="3" branch="False" />
            <line number="260" hits="3" branch="True" condition-coverage="100% (4/4)">
              <conditions>
                <condition number="26" type="jump" coverage="100%" />
                <condition number="49" type="jump" coverage="100%" />
              </conditions>
            </line>
            <line number="261" hits="2" branch="False" />
            <line number="262" hits="2" branch="False" />
            <line number="264" hits="1" branch="False" />
            <line number="265" hits="1" branch="False" />
          </lines>
        </class>
        <class name="RoselineMCP.Services.SolutionAnalyzerService/&lt;TryLoadProjectFromSolutionAsync&gt;d__18" filename="Services/SolutionAnalyzerService.cs" line-rate="0.25" branch-rate="0" complexity="2">
          <methods>
            <method name="MoveNext" signature="()" line-rate="0.25" branch-rate="0" complexity="2">
              <lines>
                <line number="268" hits="1" branch="False" />
                <line number="269" hits="1" branch="False" />
                <line number="270" hits="0" branch="True" condition-coverage="0% (0/2)">
                  <conditions>
                    <condition number="52" type="jump" coverage="0%" />
                  </conditions>
                </line>
                <line number="271" hits="0" branch="False" />
                <line number="272" hits="0" branch="False" />
                <line number="275" hits="0" branch="False" />
                <line number="276" hits="0" branch="False" />
                <line number="277" hits="0" branch="False" />
              </lines>
            </method>
          </methods>
          <lines>
            <line number="268" hits="1" branch="False" />
            <line number="269" hits="1" branch="False" />
            <line number="270" hits="0" branch="True" condition-coverage="0% (0/2)">
              <conditions>
                <condition number="52" type="jump" coverage="0%" />
              </conditions>
            </line>
            <line number="271" hits="0" branch="False" />
            <line number="272" hits="0" branch="False" />
            <line number="275" hits="0" branch="False" />
            <line number="276" hits="0" branch="False" />
            <line number="277" hits="0" branch="False" />
          </lines>
        </class>
        <class name="RoselineMCP.Models.AnalyzeSolutionResponse" filename="Models/AnalyzeSolutionResponse.cs" line-rate="1" branch-rate="1" complexity="4">
          <methods>
            <method name="get_Solution" signature="()" line-rate="1" branch-rate="1" complexity="1">
              <lines>
                <line number="14" hits="15" branch="False" />
              </lines>
            </method>
            <method name="get_Projects" signature="()" line-rate="1" branch-rate="1" complexity="1">
              <lines>
                <line number="20" hits="9" branch="False" />
              </lines>
            </method>
            <method name="get_DiagnosticSummary" signature="()" line-rate="1" branch-rate="1" complexity="1">
              <lines>
                <line number="26" hits="14" branch="False" />
              </lines>
            </method>
            <method name="get_TopDiagnostics" signature="()" line-rate="1" branch-rate="1" complexity="1">
              <lines>
                <line number="32" hits="17" branch="False" />
              </lines>
            </method>
          </methods>
          <lines>
            <line number="14" hits="15" branch="False" />
            <line number="20" hits="9" branch="False" />
            <line number="26" hits="14" branch="False" />
            <line number="32" hits="17" branch="False" />
          </lines>
        </class>
        <class name="RoselineMCP.Models.ApplyFixesResponse" filename="Models/ApplyFixesResponse.cs" line-rate="1" branch-rate="1" complexity="7">
          <methods>
            <method name="get_Project" signature="()" line-rate="1" branch-rate="1" complexity="1">
              <lines>
                <line number="14" hits="21" branch="False" />
              </lines>
            </method>
            <method name="get_FixersApplied" signature="()" line-rate="1" branch-rate="1" complexity="1">
              <lines>
                <line number="20" hits="16" branch="False" />
              </lines>
            </method>
            <method name="get_ChangedFiles" signature="()" line-rate="1" branch-rate="1" complexity="1">
              <lines>
                <line number="26" hits="15" branch="False" />
              </lines>
            </method>
            <method name="get_Patch" signature="()" line-rate="1" branch-rate="1" complexity="1">
              <lines>
                <line number="32" hits="14" branch="False" />
              </lines>
            </method>
            <method name="get_Notes" signature="()" line-rate="1" branch-rate="1" complexity="1">
              <lines>
                <line number="38" hits="19" branch="False" />
              </lines>
            </method>
            <method name="get_FixedCount" signature="()" line-rate="1" branch-rate="1" complexity="1">
              <lines>
                <line number="44" hits="10" branch="False" />
              </lines>
            </method>
            <method name="get_PreviewOnly" signature="()" line-rate="1" branch-rate="1" complexity="1">
              <lines>
                <line number="50" hits="16" branch="False" />
              </lines>
            </method>
          </methods>
          <lines>
            <line number="14" hits="21" branch="False" />
            <line number="20" hits="16" branch="False" />
            <line number="26" hits="15" branch="False" />
            <line number="32" hits="14" branch="False" />
            <line number="38" hits="19" branch="False" />
            <line number="44" hits="10" branch="False" />
            <line number="50" hits="16" branch="False" />
          </lines>
        </class>
        <class name="RoselineMCP.Models.CreatePatchResponse" filename="Models/CreatePatchResponse.cs" line-rate="1" branch-rate="1" complexity="6">
          <methods>
            <method name="get_Patch" signature="()" line-rate="1" branch-rate="1" complexity="1">
              <lines>
                <line number="14" hits="49" branch="False" />
              </lines>
            </method>
            <method name="get_HasChanges" signature="()" line-rate="1" branch-rate="1" complexity="1">
              <lines>
                <line number="20" hits="50" branch="False" />
              </lines>
            </method>
            <method name="get_LinesAdded" signature="()" line-rate="1" branch-rate="1" complexity="1">
              <lines>
                <line number="26" hits="20" branch="False" />
              </lines>
            </method>
            <method name="get_LinesRemoved" signature="()" line-rate="1" branch-rate="1" complexity="1">
              <lines>
                <line number="32" hits="20" branch="False" />
              </lines>
            </method>
            <method name="get_FileName" signature="()" line-rate="1" branch-rate="1" complexity="1">
              <lines>
                <line number="38" hits="112" branch="False" />
              </lines>
            </method>
            <method name="get_Summary" signature="()" line-rate="1" branch-rate="1" complexity="1">
              <lines>
                <line number="44" hits="59" branch="False" />
              </lines>
            </method>
          </methods>
          <lines>
            <line number="14" hits="49" branch="False" />
            <line number="20" hits="50" branch="False" />
            <line number="26" hits="20" branch="False" />
            <line number="32" hits="20" branch="False" />
            <line number="38" hits="112" branch="False" />
            <line number="44" hits="59" branch="False" />
          </lines>
        </class>
        <class name="RoselineMCP.Models.DiagnosticDetail" filename="Models/DiagnosticDetail.cs" line-rate="1" branch-rate="1" complexity="7">
          <methods>
            <method name="get_Project" signature="()" line-rate="1" branch-rate="1" complexity="1">
              <lines>
                <line number="14" hits="112" branch="False" />
              </lines>
            </method>
            <method name="get_File" signature="()" line-rate="1" branch-rate="1" complexity="1">
              <lines>
                <line number="20" hits="155" branch="False" />
              </lines>
            </method>
            <method name="get_Line" signature="()" line-rate="1" branch-rate="1" complexity="1">
              <lines>
                <line number="26" hits="90" branch="False" />
              </lines>
            </method>
            <method name="get_Column" signature="()" line-rate="1" branch-rate="1" complexity="1">
              <lines>
                <line number="32" hits="42" branch="False" />
              </lines>
            </method>
            <method name="get_Id" signature="()" line-rate="1" branch-rate="1" complexity="1">
              <lines>
                <line number="38" hits="129" branch="False" />
              </lines>
            </method>
            <method name="get_Severity" signature="()" line-rate="1" branch-rate="1" complexity="1">
              <lines>
                <line number="44" hits="157" branch="False" />
              </lines>
            </method>
            <method name="get_Message" signature="()" line-rate="1" branch-rate="1" complexity="1">
              <lines>
                <line number="50" hits="108" branch="False" />
              </lines>
            </method>
          </methods>
          <lines>
            <line number="14" hits="112" branch="False" />
            <line number="20" hits="155" branch="False" />
            <line number="26" hits="90" branch="False" />
            <line number="32" hits="42" branch="False" />
            <line number="38" hits="129" branch="False" />
            <line number="44" hits="157" branch="False" />
            <line number="50" hits="108" branch="False" />
          </lines>
        </class>
        <class name="RoselineMCP.Models.DiagnosticStats" filename="Models/DiagnosticStats.cs" line-rate="1" branch-rate="1" complexity="2">
          <methods>
            <method name="get_ById" signature="()" line-rate="1" branch-rate="1" complexity="1">
              <lines>
                <line number="14" hits="20" branch="False" />
              </lines>
            </method>
            <method name="get_BySeverity" signature="()" line-rate="1" branch-rate="1" complexity="1">
              <lines>
                <line number="20" hits="20" branch="False" />
              </lines>
            </method>
          </methods>
          <lines>
            <line number="14" hits="20" branch="False" />
            <line number="20" hits="20" branch="False" />
          </lines>
        </class>
        <class name="RoselineMCP.Models.DiagnosticSummary" filename="Models/DiagnosticSummary.cs" line-rate="1" branch-rate="1" complexity="4">
          <methods>
            <method name="get_Error" signature="()" line-rate="1" branch-rate="1" complexity="1">
              <lines>
                <line number="14" hits="213" branch="False" />
              </lines>
            </method>
            <method name="get_Warning" signature="()" line-rate="1" branch-rate="1" complexity="1">
              <lines>
                <line number="20" hits="56" branch="False" />
              </lines>
            </method>
            <method name="get_Info" signature="()" line-rate="1" branch-rate="1" complexity="1">
              <lines>
                <line number="26" hits="7" branch="False" />
              </lines>
            </method>
            <method name="get_Hidden" signature="()" line-rate="1" branch-rate="1" complexity="1">
              <lines>
                <line number="32" hits="7" branch="False" />
              </lines>
            </method>
          </methods>
          <lines>
            <line number="14" hits="213" branch="False" />
            <line number="20" hits="56" branch="False" />
            <line number="26" hits="7" branch="False" />
            <line number="32" hits="7" branch="False" />
          </lines>
        </class>
        <class name="RoselineMCP.Models.ListDiagnosticsResponse" filename="Models/ListDiagnosticsResponse.cs" line-rate="1" branch-rate="1" complexity="5">
          <methods>
            <method name="get_Project" signature="()" line-rate="1" branch-rate="1" complexity="1">
              <lines>
                <line number="14" hits="15" branch="False" />
              </lines>
            </method>
            <method name="get_TotalDiagnostics" signature="()" line-rate="1" branch-rate="1" complexity="1">
              <lines>
                <line number="20" hits="9" branch="False" />
              </lines>
            </method>
            <method name="get_Diagnostics" signature="()" line-rate="1" branch-rate="1" complexity="1">
              <lines>
                <line number="26" hits="13" branch="False" />
              </lines>
            </method>
            <method name="get_Stats" signature="()" line-rate="1" branch-rate="1" complexity="1">
              <lines>
                <line number="32" hits="13" branch="False" />
              </lines>
            </method>
            <method name="get_SuggestedFixableIds" signature="()" line-rate="1" branch-rate="1" complexity="1">
              <lines>
                <line number="38" hits="13" branch="False" />
              </lines>
            </method>
          </methods>
          <lines>
            <line number="14" hits="15" branch="False" />
            <line number="20" hits="9" branch="False" />
            <line number="26" hits="13" branch="False" />
            <line number="32" hits="13" branch="False" />
            <line number="38" hits="13" branch="False" />
          </lines>
        </class>
      </classes>
    </package>
  </packages>
</coverage>